This is pdfTeXk, Version 3.141592-1.40.3 (Web2C 7.5.6) (format=pdflatex 2008.7.15)  5 APR 2009 16:59
entering extended mode
 %&-line parsing enabled.
**DAC05.tex
(./DAC05.tex
LaTeX2e <2005/12/01>
Babel <v3.8h> and hyphenation patterns for english, usenglishmax, dumylang, noh
yphenation, pinyin, loaded.
(/usr/share/texmf-texlive/tex/latex/base/article.cls
Document Class: article 2005/09/16 v1.4f Standard LaTeX document class
(/usr/share/texmf-texlive/tex/latex/base/size12.clo
File: size12.clo 2005/09/16 v1.4f Standard LaTeX file (size option)
)
\c@part=\count79
\c@section=\count80
\c@subsection=\count81
\c@subsubsection=\count82
\c@paragraph=\count83
\c@subparagraph=\count84
\c@figure=\count85
\c@table=\count86
\abovecaptionskip=\skip41
\belowcaptionskip=\skip42
\bibindent=\dimen102
)
(/usr/share/texmf-texlive/tex/latex/hyperref/hyperref.sty
Package: hyperref 2007/02/07 v6.75r Hypertext links for LaTeX

(/usr/share/texmf-texlive/tex/latex/graphics/keyval.sty
Package: keyval 1999/03/16 v1.13 key=value parser (DPC)
\KV@toks@=\toks14
)
\@linkdim=\dimen103
\Hy@linkcounter=\count87
\Hy@pagecounter=\count88

(/usr/share/texmf-texlive/tex/latex/hyperref/pd1enc.def
File: pd1enc.def 2007/02/07 v6.75r Hyperref: PDFDocEncoding definition (HO)
)
(/etc/texmf/tex/latex/config/hyperref.cfg
File: hyperref.cfg 2002/06/06 v1.2 hyperref configuration of TeXLive
)
(/usr/share/texmf-texlive/tex/latex/oberdiek/kvoptions.sty
Package: kvoptions 2006/08/22 v2.4 Connects package keyval with LaTeX options (
HO)
)
Package hyperref Info: Option `colorlinks' set `false' on input line 2238.
Package hyperref Info: Hyper figures OFF on input line 2288.
Package hyperref Info: Link nesting OFF on input line 2293.
Package hyperref Info: Hyper index ON on input line 2296.
Package hyperref Info: Plain pages OFF on input line 2303.
Package hyperref Info: Backreferencing OFF on input line 2308.

Implicit mode ON; LaTeX internals redefined
Package hyperref Info: Bookmarks ON on input line 2444.
(/usr/share/texmf-texlive/tex/latex/ltxmisc/url.sty
\Urlmuskip=\muskip10
Package: url 2005/06/27  ver 3.2  Verb mode for urls, etc.
)
LaTeX Info: Redefining \url on input line 2599.
\Fld@menulength=\count89
\Field@Width=\dimen104
\Fld@charsize=\dimen105
\Choice@toks=\toks15
\Field@toks=\toks16
Package hyperref Info: Hyper figures OFF on input line 3102.
Package hyperref Info: Link nesting OFF on input line 3107.
Package hyperref Info: Hyper index ON on input line 3110.
Package hyperref Info: backreferencing OFF on input line 3117.
Package hyperref Info: Link coloring OFF on input line 3122.
\Hy@abspage=\count90
\c@Item=\count91
\c@Hfootnote=\count92
)
*hyperref using default driver hpdftex*
(/usr/share/texmf-texlive/tex/latex/hyperref/hpdftex.def
File: hpdftex.def 2007/02/07 v6.75r Hyperref driver for pdfTeX
\Fld@listcount=\count93
)
(/usr/share/texmf-texlive/tex/latex/geometry/geometry.sty
Package: geometry 2002/07/08 v3.2 Page Geometry
\Gm@cnth=\count94
\Gm@cntv=\count95
\c@Gm@tempcnt=\count96
\Gm@bindingoffset=\dimen106
\Gm@wd@mp=\dimen107
\Gm@odd@mp=\dimen108
\Gm@even@mp=\dimen109
\Gm@dimlist=\toks17

(/usr/share/texmf-texlive/tex/xelatex/xetexconfig/geometry.cfg))
(/usr/share/texmf-texlive/tex/latex/graphics/graphicx.sty
Package: graphicx 1999/02/16 v1.0f Enhanced LaTeX Graphics (DPC,SPQR)

(/usr/share/texmf-texlive/tex/latex/graphics/graphics.sty
Package: graphics 2006/02/20 v1.0o Standard LaTeX Graphics (DPC,SPQR)

(/usr/share/texmf-texlive/tex/latex/graphics/trig.sty
Package: trig 1999/03/16 v1.09 sin cos tan (DPC)
)
(/etc/texmf/tex/latex/config/graphics.cfg
File: graphics.cfg 2007/01/18 v1.5 graphics configuration of teTeX/TeXLive
)
Package graphics Info: Driver file: dvips.def on input line 90.

(/usr/share/texmf-texlive/tex/latex/graphics/dvips.def
File: dvips.def 1999/02/16 v3.0i Driver-dependant file (DPC,SPQR)
))
\Gin@req@height=\dimen110
\Gin@req@width=\dimen111
)
(/usr/share/texmf-texlive/tex/latex/graphics/color.sty
Package: color 2005/11/14 v1.0j Standard LaTeX Color (DPC)

(/etc/texmf/tex/latex/config/color.cfg
File: color.cfg 2007/01/18 v1.5 color configuration of teTeX/TeXLive
)
Package color Info: Driver file: pdftex.def on input line 130.

(/usr/share/texmf-texlive/tex/latex/pdftex-def/pdftex.def
File: pdftex.def 2007/01/08 v0.04d Graphics/color for pdfTeX
\Gread@gobject=\count97
)
(/usr/share/texmf-texlive/tex/latex/graphics/dvipsnam.def
File: dvipsnam.def 1999/02/16 v3.0i Driver-dependant file (DPC,SPQR)
))
(/usr/share/texmf-texlive/tex/latex/psnfss/times.sty
Package: times 2005/04/12 PSNFSS-v9.2a (SPQR) 
)
(/usr/share/texmf/tex/latex/pgf/frontendlayer/tikz.sty
(/usr/share/texmf/tex/latex/pgf/basiclayer/pgf.sty
(/usr/share/texmf/tex/latex/pgf/utilities/pgfrcs.sty
(/usr/share/texmf/tex/generic/pgf/utilities/pgfutil-common.tex)
(/usr/share/texmf/tex/generic/pgf/utilities/pgfutil-latex.def)
(/usr/share/texmf/tex/generic/pgf/utilities/pgfrcs.code.tex
Package: pgfrcs 2007/06/08 v1.18 (rcs-revision 1.16)
))
Package: pgf 2007/01/01 v1.18 (rcs-revision 1.8)

(/usr/share/texmf/tex/latex/pgf/basiclayer/pgfcore.sty
(/usr/share/texmf/tex/latex/pgf/systemlayer/pgfsys.sty
(/usr/share/texmf/tex/generic/pgf/systemlayer/pgfsys.code.tex
Package: pgfsys 2007/06/07 v1.18 (rcs-revision 1.24)
\pgf@x=\dimen112
\pgf@y=\dimen113
\pgf@xa=\dimen114
\pgf@ya=\dimen115
\pgf@xb=\dimen116
\pgf@yb=\dimen117
\pgf@xc=\dimen118
\pgf@yc=\dimen119
\c@pgf@counta=\count98
\c@pgf@countb=\count99
\c@pgf@countc=\count100
\c@pgf@countd=\count101

(/usr/share/texmf/tex/generic/pgf/systemlayer/pgf.cfg
File: pgf.cfg 2007/03/20  (rcs-revision 1.4)
)
Package pgfsys Info: Driver file for pgf: pgfsys-pdftex.def on input line 846.

(/usr/share/texmf/tex/generic/pgf/systemlayer/pgfsys-pdftex.def
File: pgfsys-pdftex.def 2007/06/07  (rcs-revision 1.15)

(/usr/share/texmf/tex/generic/pgf/systemlayer/pgfsys-common-pdf.def
File: pgfsys-common-pdf.def 2006/10/16  (rcs-revision 1.7)
)))
(/usr/share/texmf/tex/generic/pgf/systemlayer/pgfsyssoftpath.code.tex
File: pgfsyssoftpath.code.tex 2007/02/19  (rcs-revision 1.5)
)
(/usr/share/texmf/tex/generic/pgf/systemlayer/pgfsysprotocol.code.tex
File: pgfsysprotocol.code.tex 2006/10/16  (rcs-revision 1.4)
))
(/usr/share/texmf/tex/latex/xcolor/xcolor.sty
Package: xcolor 2007/01/21 v2.11 LaTeX color extensions (UK)

(/etc/texmf/tex/latex/config/color.cfg
File: color.cfg 2007/01/18 v1.5 color configuration of teTeX/TeXLive
)
Package xcolor Info: Driver file: pdftex.def on input line 225.
LaTeX Info: Redefining \color on input line 702.
Package xcolor Info: Model `cmy' substituted by `cmy0' on input line 1337.
Package xcolor Info: Model `RGB' extended on input line 1353.
Package xcolor Info: Model `HTML' substituted by `rgb' on input line 1355.
Package xcolor Info: Model `Hsb' substituted by `hsb' on input line 1356.
Package xcolor Info: Model `tHsb' substituted by `hsb' on input line 1357.
Package xcolor Info: Model `HSB' substituted by `hsb' on input line 1358.
Package xcolor Info: Model `Gray' substituted by `gray' on input line 1359.
Package xcolor Info: Model `wave' substituted by `hsb' on input line 1360.
)
(/usr/share/texmf/tex/generic/pgf/basiclayer/pgfcore.code.tex
Package: pgfcore 2007/03/09 v1.18 (rcs-revision 1.5)

(/usr/share/texmf/tex/generic/pgf/math/pgfmath.code.tex
(/usr/share/texmf/tex/generic/pgf/math/pgfmathcalc.code.tex
(/usr/share/texmf/tex/generic/pgf/math/pgfmathutil.code.tex)
(/usr/share/texmf/tex/generic/pgf/math/pgfmathparser.code.tex
\pgfmath@stack=\toks18
\c@pgfmath@parsecounta=\count102
\c@pgfmath@parsecountb=\count103
\c@pgfmath@parsecountc=\count104
\pgfmath@parsex=\dimen120
)
(/usr/share/texmf/tex/generic/pgf/math/pgfmathoperations.code.tex
(/usr/share/texmf/tex/generic/pgf/math/pgfmathtrig.code.tex)
(/usr/share/texmf/tex/generic/pgf/math/pgfmathrnd.code.tex))
(/usr/share/texmf/tex/generic/pgf/math/pgfmathbase.code.tex)))
(/usr/share/texmf/tex/generic/pgf/basiclayer/pgfcorepoints.code.tex
File: pgfcorepoints.code.tex 2007/04/19  (rcs-revision 1.9)
\pgf@picminx=\dimen121
\pgf@picmaxx=\dimen122
\pgf@picminy=\dimen123
\pgf@picmaxy=\dimen124
\pgf@pathminx=\dimen125
\pgf@pathmaxx=\dimen126
\pgf@pathminy=\dimen127
\pgf@pathmaxy=\dimen128
\pgf@xx=\dimen129
\pgf@xy=\dimen130
\pgf@yx=\dimen131
\pgf@yy=\dimen132
\pgf@zx=\dimen133
\pgf@zy=\dimen134
)
(/usr/share/texmf/tex/generic/pgf/basiclayer/pgfcorepathconstruct.code.tex
File: pgfcorepathconstruct.code.tex 2007/06/07  (rcs-revision 1.9)
\pgf@path@lastx=\dimen135
\pgf@path@lasty=\dimen136
)
(/usr/share/texmf/tex/generic/pgf/basiclayer/pgfcorepathusage.code.tex
File: pgfcorepathusage.code.tex 2007/03/09  (rcs-revision 1.8)
\pgf@shorten@end@additional=\dimen137
\pgf@shorten@start@additional=\dimen138
)
(/usr/share/texmf/tex/generic/pgf/basiclayer/pgfcorescopes.code.tex
File: pgfcorescopes.code.tex 2007/06/07  (rcs-revision 1.24)
\pgfpic=\box26
\pgf@hbox=\box27
\pgf@layerbox@main=\box28
\pgf@picture@serial@count=\count105
)
(/usr/share/texmf/tex/generic/pgf/basiclayer/pgfcoregraphicstate.code.tex
File: pgfcoregraphicstate.code.tex 2007/03/09  (rcs-revision 1.7)
\pgflinewidth=\dimen139
)
(/usr/share/texmf/tex/generic/pgf/basiclayer/pgfcoretransformations.code.tex
File: pgfcoretransformations.code.tex 2007/06/07  (rcs-revision 1.6)
\pgf@pt@x=\dimen140
\pgf@pt@y=\dimen141
\pgf@pt@temp=\dimen142
)
(/usr/share/texmf/tex/generic/pgf/basiclayer/pgfcorequick.code.tex
File: pgfcorequick.code.tex 2006/10/11  (rcs-revision 1.2)
)
(/usr/share/texmf/tex/generic/pgf/basiclayer/pgfcoreobjects.code.tex
File: pgfcoreobjects.code.tex 2006/10/11  (rcs-revision 1.2)
)
(/usr/share/texmf/tex/generic/pgf/basiclayer/pgfcorepathprocessing.code.tex
File: pgfcorepathprocessing.code.tex 2007/03/09  (rcs-revision 1.6)
)
(/usr/share/texmf/tex/generic/pgf/basiclayer/pgfcorearrows.code.tex
File: pgfcorearrows.code.tex 2007/06/07  (rcs-revision 1.8)
)
(/usr/share/texmf/tex/generic/pgf/basiclayer/pgfcoreshade.code.tex
File: pgfcoreshade.code.tex 2007/03/09  (rcs-revision 1.8)
\pgf@max=\dimen143
\pgf@sys@shading@range@num=\count106
)))
(/usr/share/texmf/tex/latex/pgf/basiclayer/pgfbaseshapes.sty
(/usr/share/texmf/tex/generic/pgf/basiclayer/pgfbaseshapes.code.tex
Package: pgfbaseshapes 2007/06/07 v1.18 (rcs-revision 1.19)
\pgfnodeparttextbox=\box29
))
(/usr/share/texmf/tex/latex/pgf/basiclayer/pgfbaseplot.sty
(/usr/share/texmf/tex/generic/pgf/basiclayer/pgfbaseplot.code.tex
Package: pgfbaseplot 2007/05/02 v1.18 (rcs-revision 1.7)
\pgf@plotwrite=\write3
))
(/usr/share/texmf/tex/latex/pgf/basiclayer/pgfbaseimage.sty
(/usr/share/texmf/tex/generic/pgf/basiclayer/pgfbaseimage.code.tex
Package: pgfbaseimage 2007/05/31 v1.18 (rcs-revision 1.7)
\pgfexternal@startupbox=\box30
))
(/usr/share/texmf/tex/latex/pgf/basiclayer/pgfbaselayers.sty
(/usr/share/texmf/tex/generic/pgf/basiclayer/pgfbaselayers.code.tex
Package: pgfbaselayers 2006/10/16 v1.18 (rcs-revision 1.5)
))
(/usr/share/texmf/tex/latex/pgf/basiclayer/pgfbasesnakes.sty
(/usr/share/texmf/tex/generic/pgf/basiclayer/pgfbasesnakes.code.tex
Package: pgfbasesnakes 2007/03/09 v1.18 (rcs-revision 1.11)
\pgfsnakeremainingdistance=\dimen144
\pgfsnakecompleteddistance=\dimen145
))
(/usr/share/texmf/tex/latex/pgf/basiclayer/pgfbasepatterns.sty
(/usr/share/texmf/tex/generic/pgf/basiclayer/pgfbasepatterns.code.tex
Package: pgfbasepatterns 2007/02/05 v1.18 (rcs-revision 1.10)
))
(/usr/share/texmf/tex/latex/pgf/basiclayer/pgfbasematrix.sty
(/usr/share/texmf/tex/generic/pgf/basiclayer/pgfbasematrix.code.tex
Package: pgfbasematrix 2007/03/09 v1.18 (rcs-revision 1.11)
\pgfmatrixcurrentrow=\count107
\pgfmatrixcurrentcolumn=\count108
\pgf@matrix@numberofcolumns=\count109
))
(/usr/share/texmf/tex/latex/pgf/compatibility/pgfcomp-version-0-65.sty
Package: pgfcomp-version-0-65 2006/10/11 v1.18 (rcs-revision 1.4)
\pgf@nodesepstart=\dimen146
\pgf@nodesepend=\dimen147
))
(/usr/share/texmf-texlive/tex/latex/tools/calc.sty
Package: calc 2005/08/06 v4.2 Infix arithmetic (KKT,FJ)
\calc@Acount=\count110
\calc@Bcount=\count111
\calc@Adimen=\dimen148
\calc@Bdimen=\dimen149
\calc@Askip=\skip43
\calc@Bskip=\skip44
LaTeX Info: Redefining \setlength on input line 75.
LaTeX Info: Redefining \addtolength on input line 76.
\calc@Ccount=\count112
\calc@Cskip=\skip45
)
(/usr/share/texmf/tex/latex/pgf/utilities/pgffor.sty
(/usr/share/texmf/tex/generic/pgf/utilities/pgffor.code.tex
Package: pgffor 2006/10/16 v1.18 (rcs-revision 1.5)
\pgffor@iter=\dimen150
\pgffor@skip=\dimen151
))
(/usr/share/texmf-texlive/tex/latex/xkeyval/xkeyval.sty
Package: xkeyval 2006/11/18 v2.5f package option processing (HA)

(/usr/share/texmf-texlive/tex/latex/xkeyval/xkeyval.tex
\XKV@toks=\toks19
\XKV@depth=\count113
File: xkeyval.tex 2006/11/18 v2.5f key=value parser (HA)
))
(/usr/share/texmf/tex/generic/pgf/frontendlayer/tikz.code.tex
Package: tikz 2007/06/07 v1.18 (rcs-revision 1.87)

(/usr/share/texmf/tex/generic/pgf/libraries/pgflibraryplothandlers.code.tex
File: pgflibraryplothandlers.code.tex 2007/03/09 v1.18 (rcs-revision 1.9)
\pgf@plot@mark@count=\count114
\pgfplotmarksize=\dimen152
)
\tikz@lastx=\dimen153
\tikz@lasty=\dimen154
\tikz@lastxsaved=\dimen155
\tikz@lastysaved=\dimen156
\tikzleveldistance=\dimen157
\tikzsiblingdistance=\dimen158
\tikz@figbox=\box31
\tikz@tempbox=\box32
\tikztreelevel=\count115
\tikznumberofchildren=\count116
\tikznumberofcurrentchild=\count117
\tikz@fig@count=\count118
\tikz@expandcount=\count119

(/usr/share/texmf/tex/generic/pgf/libraries/pgflibrarytikztopaths.code.tex
File: pgflibrarytikztopaths.code.tex 2007/06/07 v1.18 (rcs-revision 1.7)
)))
(/usr/share/texmf-texlive/tex/latex/fp/fp.sty
Package: fp 1995/04/02

`Fixed Point Package', Version 0.8, April 2, 1995 (C) Michael Mehlich
(/usr/share/texmf-texlive/tex/latex/fp/defpattern.sty
Package: defpattern 1994/10/12
\actioncount=\count120
)
(/usr/share/texmf-texlive/tex/latex/fp/fp-basic.sty
Package: fp-basic 1996/05/13
\FP@xs=\count121
\FP@xia=\count122
\FP@xib=\count123
\FP@xfa=\count124
\FP@xfb=\count125
\FP@rega=\count126
\FP@regb=\count127
\FP@regs=\count128
\FP@times=\count129
)
(/usr/share/texmf-texlive/tex/latex/fp/fp-addons.sty
Package: fp-addons 1995/03/15
)
(/usr/share/texmf-texlive/tex/latex/fp/fp-snap.sty
Package: fp-snap 1995/04/05
)
(/usr/share/texmf-texlive/tex/latex/fp/fp-exp.sty
Package: fp-exp 1995/04/03
)
(/usr/share/texmf-texlive/tex/latex/fp/fp-trigo.sty
Package: fp-trigo 1995/04/14
)
(/usr/share/texmf-texlive/tex/latex/fp/fp-pas.sty
Package: fp-pas 1994/08/29
)
(/usr/share/texmf-texlive/tex/latex/fp/fp-random.sty
Package: fp-random 1995/02/23
\FPseed=\count130
)
(/usr/share/texmf-texlive/tex/latex/fp/fp-eqn.sty
Package: fp-eqn 1995/04/03
)
(/usr/share/texmf-texlive/tex/latex/fp/fp-upn.sty
Package: fp-upn 1996/10/21
)
(/usr/share/texmf-texlive/tex/latex/fp/fp-eval.sty
Package: fp-eval 1995/04/03
))
(/usr/share/texmf/tex/generic/pgf/libraries/pgflibrarytikzsnakes.code.tex
File: pgflibrarytikzsnakes.code.tex 2006/10/11 v1.18 (rcs-revision 1.2)

(/usr/share/texmf/tex/generic/pgf/libraries/pgflibrarysnakes.code.tex
File: pgflibrarysnakes.code.tex 2007/03/09 v1.18 (rcs-revision 1.15)
\pgfsnakesegmentamplitude=\dimen159
\pgfsnakesegmentlength=\dimen160
))
(/usr/share/texmf/tex/generic/pgf/libraries/pgflibrarytikzarrows.code.tex
File: pgflibrarytikzarrows.code.tex 2006/10/11 v1.18 (rcs-revision 1.2)

(/usr/share/texmf/tex/generic/pgf/libraries/pgflibraryarrows.code.tex
File: pgflibraryarrows.code.tex 2007/06/07 v1.18 (rcs-revision 1.7)
))
(./DAC05.aux)
\openout1 = `DAC05.aux'.

LaTeX Font Info:    Checking defaults for OML/cmm/m/it on input line 52.
LaTeX Font Info:    ... okay on input line 52.
LaTeX Font Info:    Checking defaults for T1/cmr/m/n on input line 52.
LaTeX Font Info:    ... okay on input line 52.
LaTeX Font Info:    Checking defaults for OT1/cmr/m/n on input line 52.
LaTeX Font Info:    ... okay on input line 52.
LaTeX Font Info:    Checking defaults for OMS/cmsy/m/n on input line 52.
LaTeX Font Info:    ... okay on input line 52.
LaTeX Font Info:    Checking defaults for OMX/cmex/m/n on input line 52.
LaTeX Font Info:    ... okay on input line 52.
LaTeX Font Info:    Checking defaults for U/cmr/m/n on input line 52.
LaTeX Font Info:    ... okay on input line 52.
LaTeX Font Info:    Checking defaults for PD1/pdf/m/n on input line 52.
LaTeX Font Info:    ... okay on input line 52.
LaTeX Font Info:    Try loading font information for OT1+ptm on input line 52.
 (/usr/share/texmf-texlive/tex/latex/psnfss/ot1ptm.fd
File: ot1ptm.fd 2001/06/04 font definitions for OT1/ptm.
)
Package hyperref Info: Link coloring OFF on input line 52.

(/usr/share/texmf-texlive/tex/latex/hyperref/nameref.sty
Package: nameref 2006/12/27 v2.28 Cross-referencing by name of section

(/usr/share/texmf-texlive/tex/latex/oberdiek/refcount.sty
Package: refcount 2006/02/20 v3.0 Data extraction from references (HO)
)
\c@section@level=\count131
)
LaTeX Info: Redefining \ref on input line 52.
LaTeX Info: Redefining \pageref on input line 52.
 (./DAC05.out)
(./DAC05.out)
\@outlinefile=\write4
\openout4 = `DAC05.out'.

-------------------- Geometry parameters
paper: a4paper
landscape: --
twocolumn: --
twoside: --
asymmetric: --
h-parts: 86.72377pt, 424.06033pt, 86.72377pt
v-parts: 86.72377pt, 671.5993pt, 86.72377pt
hmarginratio: --
vmarginratio: --
lines: --
heightrounded: --
bindingoffset: 0.0pt
truedimen: --
includehead: --
includefoot: --
includemp: --
driver: pdftex
-------------------- Page layout dimensions and switches
\paperwidth  597.50787pt
\paperheight 845.04684pt
\textwidth  424.06033pt
\textheight 671.5993pt
\oddsidemargin  14.45378pt
\evensidemargin 14.45378pt
\topmargin  -22.54622pt
\headheight 12.0pt
\headsep    25.0pt
\footskip   30.0pt
\marginparwidth 35.0pt
\marginparsep   10.0pt
\columnsep  10.0pt
\skip\footins  10.8pt plus 4.0pt minus 2.0pt
\hoffset 0.0pt
\voffset 0.0pt
\mag 1000

(1in=72.27pt, 1cm=28.45pt)
-----------------------

! Missing \endcsname inserted.
<to be read again> 
                   \relax 
l.63 	block/.style={gray}]
                          
? 
! Interruption.
<to be read again> 
                   \\color@pins/.style={rectangle,draw,fill=brown,font= 
l.63 	block/.style={gray}]
                          
? q
OK, entering \batchmode...
! Extra }, or forgotten \endgroup.
\XKV@rm ...ngle,draw,fill=brown,font=\scriptsize }
                                                  
l.63 	block/.style={gray}]
                          
I've deleted a group-closing symbol because it seems to be
spurious, as in `$x}$'. But perhaps the } is legitimate and
you forgot something else, as in `\hbox{$x}'. In such cases
the way to recover is to insert both the forgotten and the
deleted material, e.g., by typing `I$}'.

! Extra \endcsname.
\pgfutil@doifcolorelse ...ng \color@ #1\endcsname 
                                                  \relax \let \pgf@next =\pg...
l.63 	block/.style={gray}]
                          
I'm ignoring this, since I wasn't doing a \csname.

! Missing \endcsname inserted.
<to be read again> 
                   \relax 
l.63 	block/.style={gray}]
                          
The control sequence marked <to be read again> should
not appear between \csname and \endcsname.

! Extra }, or forgotten \endgroup.
\XKV@rm ...ngle,draw,fill=brown,font=\scriptsize }
                                                  
l.63 	block/.style={gray}]
                          
I've deleted a group-closing symbol because it seems to be
spurious, as in `$x}$'. But perhaps the } is legitimate and
you forgot something else, as in `\hbox{$x}'. In such cases
the way to recover is to insert both the forgotten and the
deleted material, e.g., by typing `I$}'.

! Extra \endcsname.
<argument> ...\csname pgf@sh@s@\XKV@rm \endcsname 
                                                  \relax \PackageError {tikz...
l.63 	block/.style={gray}]
                          
I'm ignoring this, since I wasn't doing a \csname.


! Package tikz Error: I do not know what to do with the option ``pins/.style={r
ectangle,draw,fill=brown,font=\relax \fontsize {8}{9.5}\selectfont \nullfont }'
'.

See the tikz package documentation for explanation.
Type  H <return>  for immediate help.
 ...                                              
                                                  
l.63 	block/.style={gray}]
                          
This error message was generated by an \errmessage
command, so I can't give any explicit help.
Pretend that you're Hercule Poirot: Examine all clues,
and deduce the truth by order and method.


! Package tikz Error: I do not know what to do with the option ``arrow/.style={
->,very thick}''.

See the tikz package documentation for explanation.
Type  H <return>  for immediate help.
 ...                                              
                                                  
l.63 	block/.style={gray}]
                          
(That was another \errmessage.)


! Package tikz Error: I do not know what to do with the option ``block/.style={
gray}''.

See the tikz package documentation for explanation.
Type  H <return>  for immediate help.
 ...                                              
                                                  
l.63 	block/.style={gray}]
                          
(That was another \errmessage.)


! Package tikz Error: I do not know what to do with the option ``pins''.

See the tikz package documentation for explanation.
Type  H <return>  for immediate help.
 ...                                              
                                                  
l.69 \node[pins,blue]
                      (net_0_3_0) at (3+\half,0+\half) {};
(That was another \errmessage.)


! Package tikz Error: I do not know what to do with the option ``pins''.

See the tikz package documentation for explanation.
Type  H <return>  for immediate help.
 ...                                              
                                                  
l.70 \node[pins,blue]
                      (net_0_2_0) at (2+\half,0+\half) {};
(That was another \errmessage.)


! Package tikz Error: I do not know what to do with the option ``pins''.

See the tikz package documentation for explanation.
Type  H <return>  for immediate help.
 ...                                              
                                                  
l.71 \node[pins,blue]
                      (net_0_1_0) at (1+\half,0+\half) {};
(That was another \errmessage.)


! Package tikz Error: I do not know what to do with the option ``pins''.

See the tikz package documentation for explanation.
Type  H <return>  for immediate help.
 ...                                              
                                                  
l.72 \node[pins,blue]
                      (net_0_0_0) at (0+\half,0+\half) {};
(That was another \errmessage.)


! Package tikz Error: I do not know what to do with the option ``pins''.

See the tikz package documentation for explanation.
Type  H <return>  for immediate help.
 ...                                              
                                                  
l.73 \node[pins,blue]
                      (net_0_0_1) at (0+\half,1+\half) {};
(That was another \errmessage.)


! Package tikz Error: I do not know what to do with the option ``pins''.

See the tikz package documentation for explanation.
Type  H <return>  for immediate help.
 ...                                              
                                                  
l.74 \node[pins,blue]
                      (net_0_0_2) at (0+\half,2+\half) {};
(That was another \errmessage.)


! Package tikz Error: I do not know what to do with the option ``pins''.

See the tikz package documentation for explanation.
Type  H <return>  for immediate help.
 ...                                              
                                                  
l.75 \node[pins,blue]
                      (net_0_0_3) at (0+\half,3+\half) {};
(That was another \errmessage.)


! Package tikz Error: I do not know what to do with the option ``pins''.

See the tikz package documentation for explanation.
Type  H <return>  for immediate help.
 ...                                              
                                                  
l.76 \node[pins,blue]
                      (net_0_0_4) at (0+\half,4+\half) {};
(That was another \errmessage.)


! Package tikz Error: I do not know what to do with the option ``pins''.

See the tikz package documentation for explanation.
Type  H <return>  for immediate help.
 ...                                              
                                                  
l.77 \node[pins,blue]
                      (net_0_0_5) at (0+\half,5+\half) {};
(That was another \errmessage.)


! Package tikz Error: I do not know what to do with the option ``pins''.

See the tikz package documentation for explanation.
Type  H <return>  for immediate help.
 ...                                              
                                                  
l.78 \node[pins,blue]
                      (net_0_0_6) at (0+\half,6+\half) {};
(That was another \errmessage.)


! Package tikz Error: I do not know what to do with the option ``pins''.

See the tikz package documentation for explanation.
Type  H <return>  for immediate help.
 ...                                              
                                                  
l.79 \node[pins,blue]
                      (net_0_0_7) at (0+\half,7+\half) {};
(That was another \errmessage.)


! Package tikz Error: I do not know what to do with the option ``pins''.

See the tikz package documentation for explanation.
Type  H <return>  for immediate help.
 ...                                              
                                                  
l.80 \node[pins,blue]
                      (net_0_0_8) at (0+\half,8+\half) {};
(That was another \errmessage.)


! Package tikz Error: I do not know what to do with the option ``pins''.

See the tikz package documentation for explanation.
Type  H <return>  for immediate help.
 ...                                              
                                                  
l.81 \node[pins,blue]
                      (net_0_0_9) at (0+\half,9+\half) {};
(That was another \errmessage.)


! Package tikz Error: I do not know what to do with the option ``pins''.

See the tikz package documentation for explanation.
Type  H <return>  for immediate help.
 ...                                              
                                                  
l.82 \node[pins,blue]
                      (net_0_0_10) at (0+\half,10+\half) {};
(That was another \errmessage.)


! Package tikz Error: I do not know what to do with the option ``pins''.

See the tikz package documentation for explanation.
Type  H <return>  for immediate help.
 ...                                              
                                                  
l.83 \node[pins,blue]
                      (net_0_0_10) at (0+\half,10+\half) {};
(That was another \errmessage.)


! Package tikz Error: I do not know what to do with the option ``pins''.

See the tikz package documentation for explanation.
Type  H <return>  for immediate help.
 ...                                              
                                                  
l.84 \node[pins,blue]
                      (net_0_0_10) at (0+\half,10+\half) {};
(That was another \errmessage.)


! Package tikz Error: I do not know what to do with the option ``pins''.

See the tikz package documentation for explanation.
Type  H <return>  for immediate help.
 ...                                              
                                                  
l.85 \node[pins,blue]
                      (net_0_0_10) at (0+\half,10+\half) {};
(That was another \errmessage.)


! Package tikz Error: I do not know what to do with the option ``pins''.

See the tikz package documentation for explanation.
Type  H <return>  for immediate help.
 ...                                              
                                                  
l.86 \node[pins,blue]
                      (net_0_0_10) at (0+\half,10+\half) {};
(That was another \errmessage.)


! Package tikz Error: I do not know what to do with the option ``pins''.

See the tikz package documentation for explanation.
Type  H <return>  for immediate help.
 ...                                              
                                                  
l.87 \node[pins,blue]
                      (net_0_0_10) at (0+\half,10+\half) {};
(That was another \errmessage.)


! Package tikz Error: I do not know what to do with the option ``pins''.

See the tikz package documentation for explanation.
Type  H <return>  for immediate help.
 ...                                              
                                                  
l.88 \node[pins,blue]
                      (net_0_0_10) at (0+\half,10+\half) {};
(That was another \errmessage.)


! Package tikz Error: I do not know what to do with the option ``pins''.

See the tikz package documentation for explanation.
Type  H <return>  for immediate help.
 ...                                              
                                                  
l.89 \node[pins,blue]
                      (net_0_0_10) at (0+\half,10+\half) {};
(That was another \errmessage.)


! Package tikz Error: I do not know what to do with the option ``pins''.

See the tikz package documentation for explanation.
Type  H <return>  for immediate help.
 ...                                              
                                                  
l.91 \node[pins,green]
                       (net_1_5_3) at (5+\half,3+\half) {};
(That was another \errmessage.)


! Package tikz Error: I do not know what to do with the option ``pins''.

See the tikz package documentation for explanation.
Type  H <return>  for immediate help.
 ...                                              
                                                  
l.92 \node[pins,green]
                       (net_1_6_3) at (6+\half,3+\half) {};
(That was another \errmessage.)


! Package tikz Error: I do not know what to do with the option ``pins''.

See the tikz package documentation for explanation.
Type  H <return>  for immediate help.
 ...                                              
                                                  
l.93 \node[pins,green]
                       (net_1_7_3) at (7+\half,3+\half) {};
(That was another \errmessage.)


! Package tikz Error: I do not know what to do with the option ``pins''.

See the tikz package documentation for explanation.
Type  H <return>  for immediate help.
 ...                                              
                                                  
l.94 \node[pins,green]
                       (net_1_7_4) at (7+\half,4+\half) {};
(That was another \errmessage.)


! Package tikz Error: I do not know what to do with the option ``pins''.

See the tikz package documentation for explanation.
Type  H <return>  for immediate help.
 ...                                              
                                                  
l.95 \node[pins,green]
                       (net_1_7_5) at (7+\half,5+\half) {};
(That was another \errmessage.)


! Package tikz Error: I do not know what to do with the option ``pins''.

See the tikz package documentation for explanation.
Type  H <return>  for immediate help.
 ...                                              
                                                  
l.96 \node[pins,green]
                       (net_1_7_6) at (7+\half,6+\half) {};
(That was another \errmessage.)


! Package tikz Error: I do not know what to do with the option ``pins''.

See the tikz package documentation for explanation.
Type  H <return>  for immediate help.
 ...                                              
                                                  
l.97 \node[pins,green]
                       (net_1_7_7) at (7+\half,7+\half) {};
(That was another \errmessage.)


! Package tikz Error: I do not know what to do with the option ``pins''.

See the tikz package documentation for explanation.
Type  H <return>  for immediate help.
 ...                                              
                                                  
l.98 \node[pins,green]
                       (net_1_7_8) at (7+\half,8+\half) {};
(That was another \errmessage.)


! Package tikz Error: I do not know what to do with the option ``pins''.

See the tikz package documentation for explanation.
Type  H <return>  for immediate help.
 ...                                              
                                                  
l.99 \node[pins,green]
                       (net_1_7_9) at (7+\half,9+\half) {};
(That was another \errmessage.)


! Package tikz Error: I do not know what to do with the option ``pins''.

See the tikz package documentation for explanation.
Type  H <return>  for immediate help.
 ...                                              
                                                  
l.100 \node[pins,green]
                        (net_1_7_10) at (7+\half,10+\half) {};
(That was another \errmessage.)


! Package tikz Error: I do not know what to do with the option ``pins''.

See the tikz package documentation for explanation.
Type  H <return>  for immediate help.
 ...                                              
                                                  
l.101 \node[pins,green]
                        (net_1_7_11) at (7+\half,11+\half) {};
(That was another \errmessage.)


! Package tikz Error: I do not know what to do with the option ``pins''.

See the tikz package documentation for explanation.
Type  H <return>  for immediate help.
 ...                                              
                                                  
l.102 \node[pins,green]
                        (net_1_7_12) at (7+\half,12+\half) {};
(That was another \errmessage.)


! Package tikz Error: I do not know what to do with the option ``pins''.

See the tikz package documentation for explanation.
Type  H <return>  for immediate help.
 ...                                              
                                                  
l.103 \node[pins,green]
                        (net_1_7_13) at (7+\half,13+\half) {};
(That was another \errmessage.)


! Package tikz Error: I do not know what to do with the option ``pins''.

See the tikz package documentation for explanation.
Type  H <return>  for immediate help.
 ...                                              
                                                  
l.104 \node[pins,green]
                        (net_1_7_14) at (7+\half,14+\half) {};
(That was another \errmessage.)


! Package tikz Error: I do not know what to do with the option ``pins''.

See the tikz package documentation for explanation.
Type  H <return>  for immediate help.
 ...                                              
                                                  
l.105 \node[pins,green]
                        (net_1_7_15) at (7+\half,15+\half) {};
(That was another \errmessage.)


! Package tikz Error: I do not know what to do with the option ``pins''.

See the tikz package documentation for explanation.
Type  H <return>  for immediate help.
 ...                                              
                                                  
l.106 \node[pins,green]
                        (net_1_7_16) at (7+\half,16+\half) {};
(That was another \errmessage.)


! Package tikz Error: I do not know what to do with the option ``pins''.

See the tikz package documentation for explanation.
Type  H <return>  for immediate help.
 ...                                              
                                                  
l.107 \node[pins,green]
                        (net_1_7_17) at (7+\half,17+\half) {};
(That was another \errmessage.)


! Package tikz Error: I do not know what to do with the option ``pins''.

See the tikz package documentation for explanation.
Type  H <return>  for immediate help.
 ...                                              
                                                  
l.108 \node[pins,green]
                        (net_1_7_18) at (7+\half,18+\half) {};
(That was another \errmessage.)


! Package tikz Error: I do not know what to do with the option ``pins''.

See the tikz package documentation for explanation.
Type  H <return>  for immediate help.
 ...                                              
                                                  
l.109 \node[pins,green]
                        (net_1_7_19) at (7+\half,19+\half) {};
(That was another \errmessage.)


! Package tikz Error: I do not know what to do with the option ``pins''.

See the tikz package documentation for explanation.
Type  H <return>  for immediate help.
 ...                                              
                                                  
l.110 \node[pins,green]
                        (net_1_7_20) at (7+\half,20+\half) {};
(That was another \errmessage.)


! Package tikz Error: I do not know what to do with the option ``pins''.

See the tikz package documentation for explanation.
Type  H <return>  for immediate help.
 ...                                              
                                                  
l.111 \node[pins,green]
                        (net_1_7_20) at (7+\half,20+\half) {};
(That was another \errmessage.)


! Package tikz Error: I do not know what to do with the option ``pins''.

See the tikz package documentation for explanation.
Type  H <return>  for immediate help.
 ...                                              
                                                  
l.113 ...opin{Dlt01}{3}{0}{Sample}{0}{10}{blue!70}
                                                  
(That was another \errmessage.)


! Package tikz Error: I do not know what to do with the option ``pins''.

See the tikz package documentation for explanation.
Type  H <return>  for immediate help.
 ...                                              
                                                  
l.113 ...opin{Dlt01}{3}{0}{Sample}{0}{10}{blue!70}
                                                  
(That was another \errmessage.)


! Package tikz Error: I do not know what to do with the option ``arrow''.

See the tikz package documentation for explanation.
Type  H <return>  for immediate help.
 ...                                              
                                                  
l.113 ...opin{Dlt01}{3}{0}{Sample}{0}{10}{blue!70}
                                                  
(That was another \errmessage.)


! Package tikz Error: I do not know what to do with the option ``pins''.

See the tikz package documentation for explanation.
Type  H <return>  for immediate help.
 ...                                              
                                                  
l.114 ...wtwopin{Dlt01}{5}{3}{B1}{7}{20}{green!70}
                                                  
(That was another \errmessage.)


! Package tikz Error: I do not know what to do with the option ``pins''.

See the tikz package documentation for explanation.
Type  H <return>  for immediate help.
 ...                                              
                                                  
l.114 ...wtwopin{Dlt01}{5}{3}{B1}{7}{20}{green!70}
                                                  
(That was another \errmessage.)


! Package tikz Error: I do not know what to do with the option ``arrow''.

See the tikz package documentation for explanation.
Type  H <return>  for immediate help.
 ...                                              
                                                  
l.114 ...wtwopin{Dlt01}{5}{3}{B1}{7}{20}{green!70}
                                                  
(That was another \errmessage.)

 ( FP-ADD ) ( FP-ADD )
Overfull \hbox (14.30997pt too wide) in paragraph at lines 116--117
 [][] 
 []

 [1{/home/iveney/.texmf-var/fonts/map/pdftex/updmap/pdftex.map}] (./DAC05.aux) 
) 
Here is how much of TeX's memory you used:
 11318 strings out of 95080
 185984 string characters out of 1183097
 256484 words of memory out of 1500000
 14260 multiletter control sequences out of 10000+50000
 7108 words of font info for 19 fonts, out of 1200000 for 2000
 28 hyphenation exceptions out of 8191
 45i,8n,45p,359b,734s stack positions out of 5000i,500n,6000p,200000b,5000s
{/usr/share/texmf-texlive/fonts/enc/dvips/base/8r.enc}</usr/share/texmf-texliv
e/fonts/type1/urw/times/utmr8a.pfb>
Output written on DAC05.pdf (1 page, 12635 bytes).
PDF statistics:
 19 PDF objects out of 1000 (max. 8388607)
 1 named destinations out of 1000 (max. 131072)
 17 words of extra memory for PDF output out of 10000 (max. 10000000)

